Apr-11 15:06:41.983 [main] DEBUG nextflow.cli.Launcher - $> nextflow run main.nf -profile test,conda
Apr-11 15:06:42.025 [main] DEBUG nextflow.cli.CmdRun - N E X T F L O W  ~  version 24.10.5
Apr-11 15:06:42.035 [main] DEBUG nextflow.plugin.PluginsFacade - Setting up plugin manager > mode=prod; embedded=false; plugins-dir=/Users/vedikaagarwal/.nextflow/plugins; core-plugins: nf-amazon@2.9.2,nf-azure@1.10.2,nf-cloudcache@0.4.2,nf-codecommit@0.2.2,nf-console@1.1.4,nf-google@1.15.4,nf-tower@1.9.3,nf-wave@1.7.4
Apr-11 15:06:42.052 [main] INFO  o.pf4j.DefaultPluginStatusProvider - Enabled plugins: []
Apr-11 15:06:42.052 [main] INFO  o.pf4j.DefaultPluginStatusProvider - Disabled plugins: []
Apr-11 15:06:42.053 [main] INFO  org.pf4j.DefaultPluginManager - PF4J version 3.12.0 in 'deployment' mode
Apr-11 15:06:42.059 [main] INFO  org.pf4j.AbstractPluginManager - No plugins
Apr-11 15:06:42.069 [main] DEBUG nextflow.config.ConfigBuilder - Found config local: /Users/vedikaagarwal/workflow_exercise/my_genomics_workflow_2/nextflow.config
Apr-11 15:06:42.070 [main] DEBUG nextflow.config.ConfigBuilder - Parsing config file: /Users/vedikaagarwal/workflow_exercise/my_genomics_workflow_2/nextflow.config
Apr-11 15:06:42.084 [main] DEBUG n.secret.LocalSecretsProvider - Secrets store: /Users/vedikaagarwal/.nextflow/secrets/store.json
Apr-11 15:06:42.086 [main] DEBUG nextflow.secret.SecretsLoader - Discovered secrets providers: [nextflow.secret.LocalSecretsProvider@48e7b3d2] - activable => nextflow.secret.LocalSecretsProvider@48e7b3d2
Apr-11 15:06:42.089 [main] DEBUG nextflow.config.ConfigBuilder - Applying config profile: `test,conda`
Apr-11 15:06:42.305 [main] DEBUG nextflow.config.ConfigBuilder - Available config profiles: [test, conda]
Apr-11 15:06:42.316 [main] DEBUG nextflow.cli.CmdRun - Applied DSL=2 from script declaration
Apr-11 15:06:42.330 [main] DEBUG nextflow.cli.CmdRun - Launching `main.nf` [stoic_wescoff] DSL2 - revision: 24c35dd6ec
Apr-11 15:06:42.330 [main] DEBUG nextflow.plugin.PluginsFacade - Plugins default=[]
Apr-11 15:06:42.330 [main] DEBUG nextflow.plugin.PluginsFacade - Plugins resolved requirement=[]
Apr-11 15:06:42.354 [main] DEBUG nextflow.Session - Session UUID: e6d77791-7f3b-426a-8eeb-7e163b69beb9
Apr-11 15:06:42.354 [main] DEBUG nextflow.Session - Run name: stoic_wescoff
Apr-11 15:06:42.355 [main] DEBUG nextflow.Session - Executor pool size: 11
Apr-11 15:06:42.358 [main] DEBUG nextflow.file.FilePorter - File porter settings maxRetries=3; maxTransfers=50; pollTimeout=null
Apr-11 15:06:42.360 [main] DEBUG nextflow.util.ThreadPoolBuilder - Creating thread pool 'FileTransfer' minSize=10; maxSize=33; workQueue=LinkedBlockingQueue[-1]; allowCoreThreadTimeout=false
Apr-11 15:06:47.382 [main] DEBUG nextflow.cli.CmdRun - 
  Version: 24.10.5 build 5935
  Created: 04-03-2025 17:55 UTC (12:55 EDT)
  System: Mac OS X 14.3
  Runtime: Groovy 4.0.23 on OpenJDK 64-Bit Server VM 22.0.1+8
  Encoding: UTF-8 (UTF-8)
  Process: 3501@Vedikas-MacBook-Pro.local [10.0.0.62]
  CPUs: 11 - Mem: 18 GB (1.6 GB) - Swap: 0 (0)
Apr-11 15:06:47.396 [main] DEBUG nextflow.Session - Work-dir: /Users/vedikaagarwal/workflow_exercise/my_genomics_workflow_2/work [Mac OS X]
Apr-11 15:06:47.397 [main] DEBUG nextflow.Session - Script base path does not exist or is not a directory: /Users/vedikaagarwal/workflow_exercise/my_genomics_workflow_2/bin
Apr-11 15:06:47.407 [main] DEBUG nextflow.executor.ExecutorFactory - Extension executors providers=[]
Apr-11 15:06:47.412 [main] DEBUG nextflow.Session - Observer factory: DefaultObserverFactory
Apr-11 15:06:47.431 [main] DEBUG nextflow.cache.CacheFactory - Using Nextflow cache factory: nextflow.cache.DefaultCacheFactory
Apr-11 15:06:47.435 [main] DEBUG nextflow.util.CustomThreadPool - Creating default thread pool > poolSize: 12; maxThreads: 1000
Apr-11 15:06:47.462 [main] DEBUG nextflow.Session - Session start
Apr-11 15:06:47.603 [main] DEBUG nextflow.script.ScriptRunner - > Launching execution
Apr-11 15:06:47.732 [main] INFO  nextflow.Nextflow - G E N O M I C S   W O R K F L O W
================================
reads        : null
outdir       : results

Apr-11 15:06:47.738 [main] INFO  nextflow.Nextflow - Using test data from test_data directory
Apr-11 15:06:47.747 [main] INFO  nextflow.Nextflow - Found paired-end test data
Apr-11 15:06:47.825 [main] DEBUG nextflow.executor.ExecutorFactory - << taskConfig executor: null
Apr-11 15:06:47.825 [main] DEBUG nextflow.executor.ExecutorFactory - >> processorType: 'local'
Apr-11 15:06:47.827 [main] DEBUG nextflow.executor.Executor - [warm up] executor > local
Apr-11 15:06:47.831 [main] DEBUG n.processor.LocalPollingMonitor - Creating local task monitor for executor 'local' > cpus=11; memory=18 GB; capacity=11; pollInterval=100ms; dumpInterval=5m
Apr-11 15:06:47.832 [main] DEBUG n.processor.TaskPollingMonitor - >>> barrier register (monitor: local)
Apr-11 15:06:47.854 [main] DEBUG nextflow.executor.ExecutorFactory - << taskConfig executor: null
Apr-11 15:06:47.854 [main] DEBUG nextflow.executor.ExecutorFactory - >> processorType: 'local'
Apr-11 15:06:47.857 [main] DEBUG nextflow.executor.ExecutorFactory - << taskConfig executor: null
Apr-11 15:06:47.857 [main] DEBUG nextflow.executor.ExecutorFactory - >> processorType: 'local'
Apr-11 15:06:47.858 [main] DEBUG nextflow.Session - Workflow process names [dsl2]: SPADES, SEQKIT_STATS, FASTP
Apr-11 15:06:47.859 [main] DEBUG nextflow.Session - Igniting dataflow network (4)
Apr-11 15:06:47.861 [PathVisitor-1] DEBUG nextflow.file.PathVisitor - files for syntax: glob; folder: /Users/vedikaagarwal/workflow_exercise/my_genomics_workflow_2/test_data/; pattern: *_{1,2}.fastq.gz; options: [:]
Apr-11 15:06:47.862 [main] DEBUG nextflow.processor.TaskProcessor - Starting process > FASTP
Apr-11 15:06:47.862 [main] DEBUG nextflow.processor.TaskProcessor - Starting process > SPADES
Apr-11 15:06:47.862 [main] DEBUG nextflow.processor.TaskProcessor - Starting process > SEQKIT_STATS
Apr-11 15:06:47.862 [main] DEBUG nextflow.script.ScriptRunner - Parsed script files:
  Script_dc1d49d7fbcc4301: /Users/vedikaagarwal/workflow_exercise/my_genomics_workflow_2/./modules/local/seqkit.nf
  Script_fb37eee3deb00df1: /Users/vedikaagarwal/workflow_exercise/my_genomics_workflow_2/./modules/local/fastp.nf
  Script_f5d3768bd8d718f8: /Users/vedikaagarwal/workflow_exercise/my_genomics_workflow_2/./modules/local/spades.nf
  Script_77dfaf01497591d1: /Users/vedikaagarwal/workflow_exercise/my_genomics_workflow_2/main.nf
Apr-11 15:06:47.862 [main] DEBUG nextflow.script.ScriptRunner - > Awaiting termination 
Apr-11 15:06:47.862 [main] DEBUG nextflow.Session - Session await
Apr-11 15:06:47.905 [Actor Thread 11] INFO  nextflow.conda.CondaCache - Creating env using conda: bioconda::fastp=0.23.4 [cache /Users/vedikaagarwal/workflow_exercise/my_genomics_workflow_2/work/conda/env-fdef213643f7061852dd3132792adb53]
Apr-11 15:06:54.800 [Actor Thread 11] DEBUG nextflow.conda.CondaCache - 'conda' create complete env=bioconda::fastp=0.23.4 path=/Users/vedikaagarwal/workflow_exercise/my_genomics_workflow_2/work/conda/env-fdef213643f7061852dd3132792adb53
Apr-11 15:06:54.823 [Task submitter] WARN  n.executor.BashWrapperBuilder - Task runtime metrics are not reported when using macOS without a container engine
Apr-11 15:06:54.830 [Task submitter] DEBUG n.executor.local.LocalTaskHandler - Launch cmd line: /bin/bash -ue .command.run
Apr-11 15:06:54.831 [Task submitter] INFO  nextflow.Session - [c8/7b76de] Submitted process > FASTP (SRR1556289)
Apr-11 15:06:56.949 [Task monitor] DEBUG n.processor.TaskPollingMonitor - Task completed > TaskHandler[id: 1; name: FASTP (SRR1556289); status: COMPLETED; exit: 0; error: -; workDir: /Users/vedikaagarwal/workflow_exercise/my_genomics_workflow_2/work/c8/7b76de3d5d13bcc358ad119e5b87d2]
Apr-11 15:06:56.949 [Task monitor] DEBUG nextflow.util.ThreadPoolBuilder - Creating thread pool 'TaskFinalizer' minSize=10; maxSize=33; workQueue=LinkedBlockingQueue[-1]; allowCoreThreadTimeout=false
Apr-11 15:06:56.962 [Actor Thread 11] INFO  nextflow.conda.CondaCache - Creating env using conda: bioconda::seqkit [cache /Users/vedikaagarwal/workflow_exercise/my_genomics_workflow_2/work/conda/env-1db06cd529814045fc24b2faa3e3ed45]
Apr-11 15:06:56.963 [Actor Thread 9] INFO  nextflow.conda.CondaCache - Creating env using conda: bioconda::spades [cache /Users/vedikaagarwal/workflow_exercise/my_genomics_workflow_2/work/conda/env-ec02e25dea9af3b622a9ee93f2fe9829]
Apr-11 15:06:56.967 [TaskFinalizer-1] DEBUG nextflow.util.ThreadPoolBuilder - Creating thread pool 'PublishDir' minSize=10; maxSize=33; workQueue=LinkedBlockingQueue[-1]; allowCoreThreadTimeout=false
Apr-11 15:07:03.616 [Actor Thread 11] DEBUG nextflow.conda.CondaCache - 'conda' create complete env=bioconda::seqkit path=/Users/vedikaagarwal/workflow_exercise/my_genomics_workflow_2/work/conda/env-1db06cd529814045fc24b2faa3e3ed45
Apr-11 15:07:03.623 [Task submitter] DEBUG n.executor.local.LocalTaskHandler - Launch cmd line: /bin/bash -ue .command.run
Apr-11 15:07:03.623 [Task submitter] INFO  nextflow.Session - [3f/8bad1e] Submitted process > SEQKIT_STATS (SRR1556289)
Apr-11 15:07:04.942 [Task monitor] DEBUG n.processor.TaskPollingMonitor - Task completed > TaskHandler[id: 2; name: SEQKIT_STATS (SRR1556289); status: COMPLETED; exit: 0; error: -; workDir: /Users/vedikaagarwal/workflow_exercise/my_genomics_workflow_2/work/3f/8bad1e13a240767b292197c564ba9a]
Apr-11 15:07:17.825 [Actor Thread 9] DEBUG nextflow.conda.CondaCache - 'conda' create complete env=bioconda::spades path=/Users/vedikaagarwal/workflow_exercise/my_genomics_workflow_2/work/conda/env-ec02e25dea9af3b622a9ee93f2fe9829
Apr-11 15:07:17.830 [Task submitter] DEBUG n.executor.local.LocalTaskHandler - Launch cmd line: /bin/bash -ue .command.run
Apr-11 15:07:17.830 [Task submitter] INFO  nextflow.Session - [b9/e358fc] Submitted process > SPADES (SRR1556289)
Apr-11 15:10:23.257 [Task monitor] DEBUG n.processor.TaskPollingMonitor - Task completed > TaskHandler[id: 3; name: SPADES (SRR1556289); status: COMPLETED; exit: 0; error: -; workDir: /Users/vedikaagarwal/workflow_exercise/my_genomics_workflow_2/work/b9/e358fc1b165daf8c84e09a0368f888]
Apr-11 15:10:23.260 [main] DEBUG nextflow.Session - Session await > all processes finished
Apr-11 15:10:23.363 [Task monitor] DEBUG n.processor.TaskPollingMonitor - <<< barrier arrives (monitor: local) - terminating tasks monitor poll loop
Apr-11 15:10:23.363 [main] DEBUG nextflow.Session - Session await > all barriers passed
Apr-11 15:10:23.366 [main] DEBUG nextflow.util.ThreadPoolManager - Thread pool 'TaskFinalizer' shutdown completed (hard=false)
Apr-11 15:10:23.366 [main] DEBUG nextflow.util.ThreadPoolManager - Thread pool 'PublishDir' shutdown completed (hard=false)
Apr-11 15:10:23.370 [main] DEBUG n.trace.WorkflowStatsObserver - Workflow completed > WorkflowStats[succeededCount=3; failedCount=0; ignoredCount=0; cachedCount=0; pendingCount=0; submittedCount=0; runningCount=0; retriesCount=0; abortedCount=0; succeedDuration=6m 12s; failedDuration=0ms; cachedDuration=0ms;loadCpus=0; loadMemory=0; peakRunning=1; peakCpus=2; peakMemory=4 GB; ]
Apr-11 15:10:23.370 [main] DEBUG nextflow.trace.ReportObserver - Workflow completed -- rendering execution report
Apr-11 15:10:23.959 [main] DEBUG nextflow.trace.TimelineObserver - Workflow completed -- rendering execution timeline
Apr-11 15:10:24.032 [main] WARN  nextflow.dag.GraphvizRenderer - Graphviz is required to render the execution DAG in the given format -- See http://www.graphviz.org for more info.
Apr-11 15:10:24.205 [main] DEBUG nextflow.cache.CacheDB - Closing CacheDB done
Apr-11 15:10:24.214 [main] DEBUG nextflow.util.ThreadPoolManager - Thread pool 'FileTransfer' shutdown completed (hard=false)
Apr-11 15:10:24.215 [main] DEBUG nextflow.script.ScriptRunner - > Execution complete -- Goodbye
