Detecting adapter sequence for read1...
No adapter detected for read1

Detecting adapter sequence for read2...
No adapter detected for read2

Read1 before filtering:
total reads: 177442
total bases: 41692091
Q20 bases: 41185526(98.785%)
Q30 bases: 40908973(98.1217%)

Read2 before filtering:
total reads: 177442
total bases: 41699937
Q20 bases: 39394405(94.4711%)
Q30 bases: 38532246(92.4036%)

Read1 after filtering:
total reads: 176967
total bases: 41593067
Q20 bases: 41108688(98.8354%)
Q30 bases: 40836953(98.1821%)

Read2 after filtering:
total reads: 176967
total bases: 41588568
Q20 bases: 39351120(94.62%)
Q30 bases: 38504875(92.5852%)

Filtering result:
reads passed filter: 353934
reads failed due to low quality: 936
reads failed due to too many N: 14
reads failed due to too short: 0
reads with adapter trimmed: 576
bases trimmed due to adapters: 21586

Duplication rate: 0.588925%

Insert size peak (evaluated by paired-end reads): 408

JSON report: SRR1556289_fastp.json
HTML report: SRR1556289_fastp.html

fastp --in1 SRR1556289_1.fastq.gz --in2 SRR1556289_2.fastq.gz --out1 SRR1556289_R1.trimmed.fastq.gz --out2 SRR1556289_R2.trimmed.fastq.gz --detect_adapter_for_pe --thread 4 --html SRR1556289_fastp.html --json SRR1556289_fastp.json 
fastp v0.23.4, time used: 9 seconds
