Apr-11 17:37:37.444 [main] DEBUG nextflow.cli.Launcher - $> nextflow run main.nf -profile conda,test
Apr-11 17:37:37.492 [main] DEBUG nextflow.cli.CmdRun - N E X T F L O W  ~  version 24.10.5
Apr-11 17:37:37.504 [main] DEBUG nextflow.plugin.PluginsFacade - Setting up plugin manager > mode=prod; embedded=false; plugins-dir=/Users/vedikaagarwal/.nextflow/plugins; core-plugins: nf-amazon@2.9.2,nf-azure@1.10.2,nf-cloudcache@0.4.2,nf-codecommit@0.2.2,nf-console@1.1.4,nf-google@1.15.4,nf-tower@1.9.3,nf-wave@1.7.4
Apr-11 17:37:37.523 [main] INFO  o.pf4j.DefaultPluginStatusProvider - Enabled plugins: []
Apr-11 17:37:37.524 [main] INFO  o.pf4j.DefaultPluginStatusProvider - Disabled plugins: []
Apr-11 17:37:37.525 [main] INFO  org.pf4j.DefaultPluginManager - PF4J version 3.12.0 in 'deployment' mode
Apr-11 17:37:37.532 [main] INFO  org.pf4j.AbstractPluginManager - No plugins
Apr-11 17:37:37.541 [main] DEBUG nextflow.config.ConfigBuilder - Found config local: /Users/vedikaagarwal/workflow_exercise/nextflow-genomics-workflow_2/nextflow.config
Apr-11 17:37:37.542 [main] DEBUG nextflow.config.ConfigBuilder - Parsing config file: /Users/vedikaagarwal/workflow_exercise/nextflow-genomics-workflow_2/nextflow.config
Apr-11 17:37:37.557 [main] DEBUG n.secret.LocalSecretsProvider - Secrets store: /Users/vedikaagarwal/.nextflow/secrets/store.json
Apr-11 17:37:37.559 [main] DEBUG nextflow.secret.SecretsLoader - Discovered secrets providers: [nextflow.secret.LocalSecretsProvider@48e7b3d2] - activable => nextflow.secret.LocalSecretsProvider@48e7b3d2
Apr-11 17:37:37.561 [main] DEBUG nextflow.config.ConfigBuilder - Applying config profile: `conda,test`
Apr-11 17:37:37.835 [main] DEBUG nextflow.config.ConfigBuilder - Available config profiles: [test, conda]
Apr-11 17:37:37.851 [main] DEBUG nextflow.cli.CmdRun - Applied DSL=2 from script declaration
Apr-11 17:37:37.859 [main] DEBUG nextflow.cli.CmdRun - Launching `main.nf` [adoring_torricelli] DSL2 - revision: 28f13e7093
Apr-11 17:37:37.860 [main] DEBUG nextflow.plugin.PluginsFacade - Plugins default=[]
Apr-11 17:37:37.860 [main] DEBUG nextflow.plugin.PluginsFacade - Plugins resolved requirement=[]
Apr-11 17:37:37.884 [main] DEBUG nextflow.Session - Session UUID: 47a3b034-5e0d-4c88-a463-34f4c030c0e0
Apr-11 17:37:37.885 [main] DEBUG nextflow.Session - Run name: adoring_torricelli
Apr-11 17:37:37.885 [main] DEBUG nextflow.Session - Executor pool size: 11
Apr-11 17:37:37.889 [main] DEBUG nextflow.file.FilePorter - File porter settings maxRetries=3; maxTransfers=50; pollTimeout=null
Apr-11 17:37:37.891 [main] DEBUG nextflow.util.ThreadPoolBuilder - Creating thread pool 'FileTransfer' minSize=10; maxSize=33; workQueue=LinkedBlockingQueue[-1]; allowCoreThreadTimeout=false
Apr-11 17:37:42.916 [main] DEBUG nextflow.cli.CmdRun - 
  Version: 24.10.5 build 5935
  Created: 04-03-2025 17:55 UTC (12:55 EDT)
  System: Mac OS X 14.3
  Runtime: Groovy 4.0.23 on OpenJDK 64-Bit Server VM 22.0.1+8
  Encoding: UTF-8 (UTF-8)
  Process: 14521@Vedikas-MacBook-Pro.local [10.0.0.62]
  CPUs: 11 - Mem: 18 GB (7.2 GB) - Swap: 4 GB (792.7 MB)
Apr-11 17:37:42.932 [main] DEBUG nextflow.Session - Work-dir: /Users/vedikaagarwal/workflow_exercise/nextflow-genomics-workflow_2/work [Mac OS X]
Apr-11 17:37:42.932 [main] DEBUG nextflow.Session - Script base path does not exist or is not a directory: /Users/vedikaagarwal/workflow_exercise/nextflow-genomics-workflow_2/bin
Apr-11 17:37:42.943 [main] DEBUG nextflow.executor.ExecutorFactory - Extension executors providers=[]
Apr-11 17:37:42.948 [main] DEBUG nextflow.Session - Observer factory: DefaultObserverFactory
Apr-11 17:37:42.967 [main] DEBUG nextflow.cache.CacheFactory - Using Nextflow cache factory: nextflow.cache.DefaultCacheFactory
Apr-11 17:37:42.973 [main] DEBUG nextflow.util.CustomThreadPool - Creating default thread pool > poolSize: 12; maxThreads: 1000
Apr-11 17:37:43.002 [main] DEBUG nextflow.Session - Session start
Apr-11 17:37:43.096 [main] DEBUG nextflow.script.ScriptRunner - > Launching execution
Apr-11 17:37:43.215 [main] INFO  nextflow.Nextflow - GENOMICS WORKFLOW PIPELINE    
===========================
reads        : /Users/vedikaagarwal/workflow_exercise/nextflow-genomics-workflow_2/test_data/reads/*_{1,2}.fastq.gz
outdir       : results
threads      : 4

Apr-11 17:37:43.290 [main] DEBUG nextflow.script.ProcessConfig - Config settings `withName:FASTP` matches process FASTP
Apr-11 17:37:43.296 [main] DEBUG nextflow.executor.ExecutorFactory - << taskConfig executor: local
Apr-11 17:37:43.296 [main] DEBUG nextflow.executor.ExecutorFactory - >> processorType: 'local'
Apr-11 17:37:43.298 [main] DEBUG nextflow.executor.Executor - [warm up] executor > local
Apr-11 17:37:43.302 [main] DEBUG n.processor.LocalPollingMonitor - Creating local task monitor for executor 'local' > cpus=11; memory=18 GB; capacity=11; pollInterval=100ms; dumpInterval=5m
Apr-11 17:37:43.303 [main] DEBUG n.processor.TaskPollingMonitor - >>> barrier register (monitor: local)
Apr-11 17:37:43.325 [main] DEBUG nextflow.script.ProcessConfig - Config settings `withName:SPADES` matches process SPADES
Apr-11 17:37:43.326 [main] DEBUG nextflow.executor.ExecutorFactory - << taskConfig executor: local
Apr-11 17:37:43.326 [main] DEBUG nextflow.executor.ExecutorFactory - >> processorType: 'local'
Apr-11 17:37:43.329 [main] DEBUG nextflow.script.ProcessConfig - Config settings `withName:SEQKIT_STATS` matches process SEQKIT_STATS
Apr-11 17:37:43.330 [main] DEBUG nextflow.executor.ExecutorFactory - << taskConfig executor: local
Apr-11 17:37:43.330 [main] DEBUG nextflow.executor.ExecutorFactory - >> processorType: 'local'
Apr-11 17:37:43.332 [main] DEBUG nextflow.Session - Workflow process names [dsl2]: SPADES, SEQKIT_STATS, FASTP
Apr-11 17:37:43.333 [main] DEBUG nextflow.Session - Igniting dataflow network (4)
Apr-11 17:37:43.336 [PathVisitor-1] DEBUG nextflow.file.PathVisitor - files for syntax: glob; folder: /Users/vedikaagarwal/workflow_exercise/nextflow-genomics-workflow_2/test_data/reads/; pattern: *_{1,2}.fastq.gz; options: [checkIfExists:true]
Apr-11 17:37:43.336 [main] DEBUG nextflow.processor.TaskProcessor - Starting process > FASTP
Apr-11 17:37:43.336 [main] DEBUG nextflow.processor.TaskProcessor - Starting process > SPADES
Apr-11 17:37:43.337 [main] DEBUG nextflow.processor.TaskProcessor - Starting process > SEQKIT_STATS
Apr-11 17:37:43.337 [main] DEBUG nextflow.script.ScriptRunner - Parsed script files:
  Script_2c402c473f09ce90: /Users/vedikaagarwal/workflow_exercise/nextflow-genomics-workflow_2/./modules/seqkit.nf
  Script_e6cc72567eb13827: /Users/vedikaagarwal/workflow_exercise/nextflow-genomics-workflow_2/./modules/fastp.nf
  Script_72b84609e20eb7c1: /Users/vedikaagarwal/workflow_exercise/nextflow-genomics-workflow_2/main.nf
  Script_a8144c90adac5fdb: /Users/vedikaagarwal/workflow_exercise/nextflow-genomics-workflow_2/./modules/spades.nf
Apr-11 17:37:43.337 [main] DEBUG nextflow.script.ScriptRunner - > Awaiting termination 
Apr-11 17:37:43.337 [main] DEBUG nextflow.Session - Session await
Apr-11 17:37:43.391 [Actor Thread 11] INFO  nextflow.conda.CondaCache - Creating env using conda: bioconda::fastp=0.23.4 [cache /Users/vedikaagarwal/workflow_exercise/nextflow-genomics-workflow_2/work/conda/env-fdef213643f7061852dd3132792adb53]
Apr-11 17:37:53.234 [Actor Thread 11] DEBUG nextflow.conda.CondaCache - 'conda' create complete env=bioconda::fastp=0.23.4 path=/Users/vedikaagarwal/workflow_exercise/nextflow-genomics-workflow_2/work/conda/env-fdef213643f7061852dd3132792adb53
Apr-11 17:37:53.255 [Task submitter] WARN  n.executor.BashWrapperBuilder - Task runtime metrics are not reported when using macOS without a container engine
Apr-11 17:37:53.263 [Task submitter] DEBUG n.executor.local.LocalTaskHandler - Launch cmd line: /bin/bash -ue .command.run
Apr-11 17:37:53.264 [Task submitter] INFO  nextflow.Session - [45/d3f081] Submitted process > FASTP (SRR1972739)
Apr-11 17:37:57.452 [Task monitor] DEBUG n.processor.TaskPollingMonitor - Task completed > TaskHandler[id: 1; name: FASTP (SRR1972739); status: COMPLETED; exit: 0; error: -; workDir: /Users/vedikaagarwal/workflow_exercise/nextflow-genomics-workflow_2/work/45/d3f081ac951d2438cf5ea48b6bd3f4]
Apr-11 17:37:57.453 [Task monitor] DEBUG nextflow.util.ThreadPoolBuilder - Creating thread pool 'TaskFinalizer' minSize=10; maxSize=33; workQueue=LinkedBlockingQueue[-1]; allowCoreThreadTimeout=false
Apr-11 17:37:57.466 [Actor Thread 12] INFO  nextflow.conda.CondaCache - Creating env using conda: bioconda::seqkit [cache /Users/vedikaagarwal/workflow_exercise/nextflow-genomics-workflow_2/work/conda/env-1db06cd529814045fc24b2faa3e3ed45]
Apr-11 17:37:57.470 [Actor Thread 11] INFO  nextflow.conda.CondaCache - Creating env using conda: bioconda::spades [cache /Users/vedikaagarwal/workflow_exercise/nextflow-genomics-workflow_2/work/conda/env-ec02e25dea9af3b622a9ee93f2fe9829]
Apr-11 17:37:57.471 [TaskFinalizer-1] DEBUG nextflow.util.ThreadPoolBuilder - Creating thread pool 'PublishDir' minSize=10; maxSize=33; workQueue=LinkedBlockingQueue[-1]; allowCoreThreadTimeout=false
Apr-11 17:38:04.437 [Actor Thread 12] DEBUG nextflow.conda.CondaCache - 'conda' create complete env=bioconda::seqkit path=/Users/vedikaagarwal/workflow_exercise/nextflow-genomics-workflow_2/work/conda/env-1db06cd529814045fc24b2faa3e3ed45
Apr-11 17:38:04.446 [Task submitter] DEBUG n.executor.local.LocalTaskHandler - Launch cmd line: /bin/bash -ue .command.run
Apr-11 17:38:04.446 [Task submitter] INFO  nextflow.Session - [fb/2bf336] Submitted process > SEQKIT_STATS (SRR1972739)
Apr-11 17:38:06.700 [Task monitor] DEBUG n.processor.TaskPollingMonitor - Task completed > TaskHandler[id: 2; name: SEQKIT_STATS (SRR1972739); status: COMPLETED; exit: 0; error: -; workDir: /Users/vedikaagarwal/workflow_exercise/nextflow-genomics-workflow_2/work/fb/2bf33623652ddae39dc9dd85df4a0e]
Apr-11 17:38:15.684 [Actor Thread 11] DEBUG nextflow.conda.CondaCache - 'conda' create complete env=bioconda::spades path=/Users/vedikaagarwal/workflow_exercise/nextflow-genomics-workflow_2/work/conda/env-ec02e25dea9af3b622a9ee93f2fe9829
Apr-11 17:38:15.689 [Task submitter] DEBUG n.executor.local.LocalTaskHandler - Launch cmd line: /bin/bash -ue .command.run
Apr-11 17:38:15.689 [Task submitter] INFO  nextflow.Session - [78/6b8059] Submitted process > SPADES (SRR1972739)
Apr-11 17:40:26.666 [Task monitor] DEBUG n.processor.TaskPollingMonitor - Task completed > TaskHandler[id: 3; name: SPADES (SRR1972739); status: COMPLETED; exit: 0; error: -; workDir: /Users/vedikaagarwal/workflow_exercise/nextflow-genomics-workflow_2/work/78/6b80591868d8fc4d4391032f21bc90]
Apr-11 17:40:26.669 [main] DEBUG nextflow.Session - Session await > all processes finished
Apr-11 17:40:26.771 [Task monitor] DEBUG n.processor.TaskPollingMonitor - <<< barrier arrives (monitor: local) - terminating tasks monitor poll loop
Apr-11 17:40:26.771 [main] DEBUG nextflow.Session - Session await > all barriers passed
Apr-11 17:40:26.772 [main] DEBUG nextflow.util.ThreadPoolManager - Thread pool 'TaskFinalizer' shutdown completed (hard=false)
Apr-11 17:40:26.772 [main] DEBUG nextflow.util.ThreadPoolManager - Thread pool 'PublishDir' shutdown completed (hard=false)
Apr-11 17:40:26.775 [main] DEBUG n.trace.WorkflowStatsObserver - Workflow completed > WorkflowStats[succeededCount=3; failedCount=0; ignoredCount=0; cachedCount=0; pendingCount=0; submittedCount=0; runningCount=0; retriesCount=0; abortedCount=0; succeedDuration=8m 58s; failedDuration=0ms; cachedDuration=0ms;loadCpus=0; loadMemory=0; peakRunning=1; peakCpus=4; peakMemory=4 GB; ]
Apr-11 17:40:26.775 [main] DEBUG nextflow.trace.ReportObserver - Workflow completed -- rendering execution report
Apr-11 17:40:27.368 [main] DEBUG nextflow.trace.TimelineObserver - Workflow completed -- rendering execution timeline
Apr-11 17:40:27.573 [main] DEBUG nextflow.cache.CacheDB - Closing CacheDB done
Apr-11 17:40:27.578 [main] DEBUG nextflow.util.ThreadPoolManager - Thread pool 'FileTransfer' shutdown completed (hard=false)
Apr-11 17:40:27.578 [main] DEBUG nextflow.script.ScriptRunner - > Execution complete -- Goodbye
